<?xml version="1.0" encoding="UTF-8"?>
<!-- Generated by org.testng.reporters.JUnitXMLReporter -->
<testsuite ignored="0" hostname="AKSHAY" failures="0" tests="7" name="Mercury Tours" time="73.911" errors="0" timestamp="27 Jul 2019 21:26:31 GMT">
  <testcase classname="com.mercury.qa.testcases.LoginPageTest" name="loginPageTitleTest" time="0.036"/>
  <testcase classname="com.mercury.qa.testcases.FlightFinderTest" name="FlightFinderPageTitleTest" time="0.036"/>
  <testcase classname="com.mercury.qa.testcases.LoginPageTest" name="loginPageMercuryLogoTest" time="0.208"/>
  <testcase classname="com.mercury.qa.testcases.FlightFinderTest" name="validateFlightFinderLogoTest" time="0.144"/>
  <testcase classname="com.mercury.qa.testcases.LoginPageTest" name="loginTest" time="3.679"/>
  <testcase classname="com.mercury.qa.testcases.FlightFinderTest" name="validateContinueButtonTest" time="0.118"/>
  <testcase classname="com.mercury.qa.testcases.FlightFinderTest" name="clickContinueButtonTest" time="1.524"/>
</testsuite> <!-- Mercury Tours -->
