<?xml version="1.0" encoding="UTF-8"?>
<!-- Generated by org.testng.reporters.JUnitXMLReporter -->
<testsuite ignored="0" hostname="AKSHAY" failures="0" tests="3" name="Default test" time="35.696" errors="0" timestamp="03 Aug 2019 11:00:37 GMT">
  <testcase classname="com.mercury.qa.testcases.RegisterPageTest" name="clickOnRegisterLinkTest" time="1.593"/>
  <testcase classname="com.mercury.qa.testcases.RegisterPageTest" name="validateRegisterPageTitle" time="0.028"/>
  <testcase classname="com.mercury.qa.testcases.RegisterPageTest" name="validateRegisterPageLogo" time="0.321"/>
</testsuite> <!-- Default test -->
