<?xml version="1.0" encoding="UTF-8"?>
<!-- Generated by org.testng.reporters.JUnitXMLReporter -->
<testsuite ignored="0" hostname="AKSHAY" failures="0" tests="4" name="Test" time="59.297" errors="0" timestamp="27 Jul 2019 21:55:39 GMT">
  <testcase classname="com.mercury.qa.testcases.LoginPageTest" name="loginPageTitleTest" time="0.036"/>
  <testcase classname="com.mercury.qa.testcases.FlightFinderTest" name="FlightFinderPageTitleTest" time="0.03"/>
  <testcase classname="com.mercury.qa.testcases.SelectFlightPageTest" name="SelectFlightPageTitleTest" time="0.024"/>
  <testcase classname="com.mercury.qa.testcases.LoginPageTest" name="loginPageMercuryLogoTest" time="0.182"/>
</testsuite> <!-- Test -->
