<?xml version="1.0" encoding="UTF-8"?>
<!-- Generated by org.testng.reporters.JUnitXMLReporter -->
<testsuite ignored="0" hostname="AKSHAY" failures="0" tests="4" name="Regression1" time="40.535" errors="0" timestamp="10 Aug 2019 15:19:43 GMT">
  <testcase classname="com.mercury.qa.testcases.LoginPageTest" name="loginPageTitleTest" time="0.111"/>
  <testcase classname="com.mercury.qa.testcases.FlightFinderTest" name="FlightFinderPageTitleTest" time="0.03"/>
  <testcase classname="com.mercury.qa.testcases.SelectFlightPageTest" name="SelectFlightPageTitleTest" time="0.024"/>
  <testcase classname="com.mercury.qa.testcases.LoginPageTest" name="loginPageMercuryLogoTest" time="0.226"/>
</testsuite> <!-- Regression1 -->
