<?xml version="1.0" encoding="UTF-8"?>
<!-- Generated by org.testng.reporters.JUnitXMLReporter -->
<testsuite ignored="0" hostname="AKSHAY" failures="0" tests="3" name="Mercury" time="34.061" errors="0" timestamp="27 Jul 2019 21:22:39 GMT">
  <testcase classname="com.mercury.qa.testcases.SelectFlightPageTest" name="SelecetFlightPageImageTest" time="0.258"/>
  <testcase classname="com.mercury.qa.testcases.SelectFlightPageTest" name="SelectFlightPageTitleTest" time="0.034"/>
  <testcase classname="com.mercury.qa.testcases.LoginPageTest" name="loginPageTitleTest" time="0.034"/>
</testsuite> <!-- Mercury -->
